-------------------------------------------------------------------------------
Test set: com.truong.shop.ShopApplicationTests
-------------------------------------------------------------------------------
Tests run: 1, Failures: 0, Errors: 1, Skipped: 0, Time elapsed: 6.058 s <<< FAILURE! - in com.truong.shop.ShopApplicationTests
contextLoads  Time elapsed: 0.008 s  <<< ERROR!
java.lang.IllegalStateException: Failed to load ApplicationContext
Caused by: org.springframework.beans.factory.BeanCreationException: Error creating bean with name 'entityManagerFactory' defined in class path resource [org/springframework/boot/autoconfigure/orm/jpa/HibernateJpaConfiguration.class]: Invocation of init method failed; nested exception is org.hibernate.AnnotationException: @OneToOne or @ManyToOne on com.truong.shop.ddd.product.specialfeature.value.ProductSpecialFeatureValue.feature references an unknown entity: com.truong.shop.ddd.product.specialfeature.ProductSpecialFeature
Caused by: org.hibernate.AnnotationException: @OneToOne or @ManyToOne on com.truong.shop.ddd.product.specialfeature.value.ProductSpecialFeatureValue.feature references an unknown entity: com.truong.shop.ddd.product.specialfeature.ProductSpecialFeature

